<?xml version="1.0" encoding="UTF-8"?>
<testng-results skipped="0" failed="0" ignored="0" total="2" passed="2">
  <reporter-output>
  </reporter-output>
  <suite name="Suite" duration-ms="45074" started-at="2022-02-04T19:19:30 SGT" finished-at="2022-02-04T19:20:15 SGT">
    <groups>
    </groups>
    <test name="Test" duration-ms="45074" started-at="2022-02-04T19:19:30 SGT" finished-at="2022-02-04T19:20:15 SGT">
      <class name="Automation.TestCase2">
        <test-method status="PASS" signature="setUp()[pri:0, instance:Automation.TestCase2@612fc6eb]" name="setUp" is-config="true" duration-ms="7675" started-at="2022-02-04T19:19:30 SGT" finished-at="2022-02-04T19:19:38 SGT">
          <reporter-output>
          </reporter-output>
        </test-method> <!-- setUp -->
        <test-method status="PASS" signature="testcase2()[pri:0, instance:Automation.TestCase2@612fc6eb]" name="testcase2" duration-ms="11496" started-at="2022-02-04T19:19:38 SGT" finished-at="2022-02-04T19:19:49 SGT">
          <reporter-output>
          </reporter-output>
        </test-method> <!-- testcase2 -->
        <test-method status="PASS" signature="tearDown()[pri:0, instance:Automation.TestCase2@612fc6eb]" name="tearDown" is-config="true" duration-ms="1965" started-at="2022-02-04T19:19:49 SGT" finished-at="2022-02-04T19:19:51 SGT">
          <reporter-output>
          </reporter-output>
        </test-method> <!-- tearDown -->
      </class> <!-- Automation.TestCase2 -->
      <class name="Automation.TestCase1">
        <test-method status="PASS" signature="setUp()[pri:0, instance:Automation.TestCase1@78ac1102]" name="setUp" is-config="true" duration-ms="16194" started-at="2022-02-04T19:19:51 SGT" finished-at="2022-02-04T19:20:07 SGT">
          <reporter-output>
          </reporter-output>
        </test-method> <!-- setUp -->
        <test-method status="PASS" signature="testcase1()[pri:0, instance:Automation.TestCase1@78ac1102]" name="testcase1" duration-ms="5846" started-at="2022-02-04T19:20:07 SGT" finished-at="2022-02-04T19:20:13 SGT">
          <reporter-output>
          </reporter-output>
        </test-method> <!-- testcase1 -->
        <test-method status="PASS" signature="tearDown()[pri:0, instance:Automation.TestCase1@78ac1102]" name="tearDown" is-config="true" duration-ms="1834" started-at="2022-02-04T19:20:13 SGT" finished-at="2022-02-04T19:20:15 SGT">
          <reporter-output>
          </reporter-output>
        </test-method> <!-- tearDown -->
      </class> <!-- Automation.TestCase1 -->
    </test> <!-- Test -->
  </suite> <!-- Suite -->
</testng-results>
